{"meta": {"format": 3, "version": "7.13.5", "timestamp": "2026-07-01T17:41:58.522396", "branch_coverage": false, "show_contexts": false}, "files": {"codigo/__init__.py": {"executed_lines": [2], "summary": {"covered_lines": 1, "num_statements": 1, "percent_covered": 100.0, "percent_covered_display": "100", "missing_lines": 0, "excluded_lines": 0, "percent_statements_covered": 100.0, "percent_statements_covered_display": "100"}, "missing_lines": [], "excluded_lines": [], "functions": {"": {"executed_lines": [2], "summary": {"covered_lines": 1, "num_statements": 1, "percent_covered": 100.0, "percent_covered_display": "100", "missing_lines": 0, "excluded_lines": 0, "percent_statements_covered": 100.0, "percent_statements_covered_display": "100"}, "missing_lines": [], "excluded_lines": [], "start_line": 1}}, "classes": {"": {"executed_lines": [2], "summary": {"covered_lines": 1, "num_statements": 1, "percent_covered": 100.0, "percent_covered_display": "100", "missing_lines": 0, "excluded_lines": 0, "percent_statements_covered": 100.0, "percent_statements_covered_display": "100"}, "missing_lines": [], "excluded_lines": [], "start_line": 1}}}, "codigo/__main__.py": {"executed_lines": [], "summary": {"covered_lines": 0, "num_statements": 85, "percent_covered": 0.0, "percent_covered_display": "0", "missing_lines": 85, "excluded_lines": 0, "percent_statements_covered": 0.0, "percent_statements_covered_display": "0"}, "missing_lines": [8, 10, 11, 13, 14, 17, 18, 19, 20, 21, 23, 24, 26, 27, 28, 30, 31, 32, 33, 35, 36, 37, 38, 39, 40, 42, 43, 44, 46, 47, 49, 50, 51, 54, 55, 56, 57, 59, 60, 61, 63, 64, 66, 67, 68, 69, 71, 72, 74, 75, 78, 79, 80, 81, 82, 84, 85, 86, 87, 89, 90, 91, 92, 94, 95, 96, 98, 99, 100, 103, 109, 119, 120, 122, 123, 124, 125, 127, 128, 129, 130, 131, 133, 136, 137], "excluded_lines": [], "functions": {"_cmd_importar": {"executed_lines": [], "summary": {"covered_lines": 0, "num_statements": 27, "percent_covered": 0.0, "percent_covered_display": "0", "missing_lines": 27, "excluded_lines": 0, "percent_statements_covered": 0.0, "percent_statements_covered_display": "0"}, "missing_lines": [18, 19, 20, 21, 23, 24, 26, 27, 28, 30, 31, 32, 33, 35, 36, 37, 38, 39, 40, 42, 43, 44, 46, 47, 49, 50, 51], "excluded_lines": [], "start_line": 17}, "_cmd_validar": {"executed_lines": [], "summary": {"covered_lines": 0, "num_statements": 16, "percent_covered": 0.0, "percent_covered_display": "0", "missing_lines": 16, "excluded_lines": 0, "percent_statements_covered": 0.0, "percent_statements_covered_display": "0"}, "missing_lines": [55, 56, 57, 59, 60, 61, 63, 64, 66, 67, 68, 69, 71, 72, 74, 75], "excluded_lines": [], "start_line": 54}, "_cmd_status": {"executed_lines": [], "summary": {"covered_lines": 0, "num_statements": 18, "percent_covered": 0.0, "percent_covered_display": "0", "missing_lines": 18, "excluded_lines": 0, "percent_statements_covered": 0.0, "percent_statements_covered_display": "0"}, "missing_lines": [79, 80, 81, 82, 84, 85, 86, 87, 89, 90, 91, 92, 94, 95, 96, 98, 99, 100], "excluded_lines": [], "start_line": 78}, "main": {"executed_lines": [], "summary": {"covered_lines": 0, "num_statements": 11, "percent_covered": 0.0, "percent_covered_display": "0", "missing_lines": 11, "excluded_lines": 0, "percent_statements_covered": 0.0, "percent_statements_covered_display": "0"}, "missing_lines": [120, 122, 123, 124, 125, 127, 128, 129, 130, 131, 133], "excluded_lines": [], "start_line": 119}, "": {"executed_lines": [], "summary": {"covered_lines": 0, "num_statements": 13, "percent_covered": 0.0, "percent_covered_display": "0", "missing_lines": 13, "excluded_lines": 0, "percent_statements_covered": 0.0, "percent_statements_covered_display": "0"}, "missing_lines": [8, 10, 11, 13, 14, 17, 54, 78, 103, 109, 119, 136, 137], "excluded_lines": [], "start_line": 1}}, "classes": {"": {"executed_lines": [], "summary": {"covered_lines": 0, "num_statements": 85, "percent_covered": 0.0, "percent_covered_display": "0", "missing_lines": 85, "excluded_lines": 0, "percent_statements_covered": 0.0, "percent_statements_covered_display": "0"}, "missing_lines": [8, 10, 11, 13, 14, 17, 18, 19, 20, 21, 23, 24, 26, 27, 28, 30, 31, 32, 33, 35, 36, 37, 38, 39, 40, 42, 43, 44, 46, 47, 49, 50, 51, 54, 55, 56, 57, 59, 60, 61, 63, 64, 66, 67, 68, 69, 71, 72, 74, 75, 78, 79, 80, 81, 82, 84, 85, 86, 87, 89, 90, 91, 92, 94, 95, 96, 98, 99, 100, 103, 109, 119, 120, 122, 123, 124, 125, 127, 128, 129, 130, 131, 133, 136, 137], "excluded_lines": [], "start_line": 1}}}, "codigo/importador.py": {"executed_lines": [], "summary": {"covered_lines": 0, "num_statements": 104, "percent_covered": 0.0, "percent_covered_display": "0", "missing_lines": 104, "excluded_lines": 0, "percent_statements_covered": 0.0, "percent_statements_covered_display": "0"}, "missing_lines": [15, 17, 18, 19, 20, 22, 23, 25, 26, 28, 38, 47, 53, 54, 55, 56, 57, 60, 61, 64, 66, 67, 69, 71, 73, 82, 83, 88, 89, 92, 93, 96, 97, 100, 101, 108, 109, 114, 115, 118, 121, 122, 124, 125, 126, 127, 138, 141, 142, 143, 144, 146, 147, 148, 151, 153, 157, 158, 159, 160, 161, 162, 163, 164, 167, 168, 169, 170, 171, 173, 174, 175, 183, 184, 185, 186, 189, 190, 191, 192, 193, 194, 195, 196, 197, 198, 199, 200, 201, 202, 203, 204, 205, 206, 209, 210, 211, 212, 213, 221, 222, 223, 225, 227], "excluded_lines": [], "functions": {"_tipo_from_id": {"executed_lines": [], "summary": {"covered_lines": 0, "num_statements": 1, "percent_covered": 0.0, "percent_covered_display": "0", "missing_lines": 1, "excluded_lines": 0, "percent_statements_covered": 0.0, "percent_statements_covered_display": "0"}, "missing_lines": [61], "excluded_lines": [], "start_line": 60}, "_row_for": {"executed_lines": [], "summary": {"covered_lines": 0, "num_statements": 19, "percent_covered": 0.0, "percent_covered_display": "0", "missing_lines": 19, "excluded_lines": 0, "percent_statements_covered": 0.0, "percent_statements_covered_display": "0"}, "missing_lines": [66, 67, 69, 73, 82, 83, 88, 89, 92, 93, 96, 97, 100, 101, 108, 109, 114, 115, 118], "excluded_lines": [], "start_line": 64}, "_row_for._str": {"executed_lines": [], "summary": {"covered_lines": 0, "num_statements": 1, "percent_covered": 0.0, "percent_covered_display": "0", "missing_lines": 1, "excluded_lines": 0, "percent_statements_covered": 0.0, "percent_statements_covered_display": "0"}, "missing_lines": [71], "excluded_lines": [], "start_line": 69}, "_init_db": {"executed_lines": [], "summary": {"covered_lines": 0, "num_statements": 6, "percent_covered": 0.0, "percent_covered_display": "0", "missing_lines": 6, "excluded_lines": 0, "percent_statements_covered": 0.0, "percent_statements_covered_display": "0"}, "missing_lines": [122, 124, 125, 126, 127, 138], "excluded_lines": [], "start_line": 121}, "importar": {"executed_lines": [], "summary": {"covered_lines": 0, "num_statements": 56, "percent_covered": 0.0, "percent_covered_display": "0", "missing_lines": 56, "excluded_lines": 0, "percent_statements_covered": 0.0, "percent_statements_covered_display": "0"}, "missing_lines": [142, 143, 144, 146, 147, 148, 151, 153, 157, 158, 159, 160, 161, 162, 163, 164, 167, 168, 169, 170, 171, 173, 174, 175, 183, 184, 185, 186, 189, 190, 191, 192, 193, 194, 195, 196, 197, 198, 199, 200, 201, 202, 203, 204, 205, 206, 209, 210, 211, 212, 213, 221, 222, 223, 225, 227], "excluded_lines": [], "start_line": 141}, "": {"executed_lines": [], "summary": {"covered_lines": 0, "num_statements": 21, "percent_covered": 0.0, "percent_covered_display": "0", "missing_lines": 21, "excluded_lines": 0, "percent_statements_covered": 0.0, "percent_statements_covered_display": "0"}, "missing_lines": [15, 17, 18, 19, 20, 22, 23, 25, 26, 28, 38, 47, 53, 54, 55, 56, 57, 60, 64, 121, 141], "excluded_lines": [], "start_line": 1}}, "classes": {"ImportResult": {"executed_lines": [], "summary": {"covered_lines": 0, "num_statements": 0, "percent_covered": 100.0, "percent_covered_display": "100", "missing_lines": 0, "excluded_lines": 0, "percent_statements_covered": 100.0, "percent_statements_covered_display": "100"}, "missing_lines": [], "excluded_lines": [], "start_line": 54}, "": {"executed_lines": [], "summary": {"covered_lines": 0, "num_statements": 104, "percent_covered": 0.0, "percent_covered_display": "0", "missing_lines": 104, "excluded_lines": 0, "percent_statements_covered": 0.0, "percent_statements_covered_display": "0"}, "missing_lines": [15, 17, 18, 19, 20, 22, 23, 25, 26, 28, 38, 47, 53, 54, 55, 56, 57, 60, 61, 64, 66, 67, 69, 71, 73, 82, 83, 88, 89, 92, 93, 96, 97, 100, 101, 108, 109, 114, 115, 118, 121, 122, 124, 125, 126, 127, 138, 141, 142, 143, 144, 146, 147, 148, 151, 153, 157, 158, 159, 160, 161, 162, 163, 164, 167, 168, 169, 170, 171, 173, 174, 175, 183, 184, 185, 186, 189, 190, 191, 192, 193, 194, 195, 196, 197, 198, 199, 200, 201, 202, 203, 204, 205, 206, 209, 210, 211, 212, 213, 221, 222, 223, 225, 227], "excluded_lines": [], "start_line": 1}}}, "codigo/ir.py": {"executed_lines": [6, 7, 8, 11, 13, 14, 15, 16, 17, 18, 21, 23, 24, 25, 28, 29, 30, 31, 32, 33, 34, 37, 38, 39, 40, 41, 42, 43, 44, 47, 48, 49, 51, 52, 54, 55, 57, 58], "summary": {"covered_lines": 38, "num_statements": 38, "percent_covered": 100.0, "percent_covered_display": "100", "missing_lines": 0, "excluded_lines": 0, "percent_statements_covered": 100.0, "percent_statements_covered_display": "100"}, "missing_lines": [], "excluded_lines": [], "functions": {"KnowledgeGraph.add_entity": {"executed_lines": [52], "summary": {"covered_lines": 1, "num_statements": 1, "percent_covered": 100.0, "percent_covered_display": "100", "missing_lines": 0, "excluded_lines": 0, "percent_statements_covered": 100.0, "percent_statements_covered_display": "100"}, "missing_lines": [], "excluded_lines": [], "start_line": 51}, "KnowledgeGraph.get_entity": {"executed_lines": [55], "summary": {"covered_lines": 1, "num_statements": 1, "percent_covered": 100.0, "percent_covered_display": "100", "missing_lines": 0, "excluded_lines": 0, "percent_statements_covered": 100.0, "percent_statements_covered_display": "100"}, "missing_lines": [], "excluded_lines": [], "start_line": 54}, "KnowledgeGraph.get_edges_by_kind": {"executed_lines": [58], "summary": {"covered_lines": 1, "num_statements": 1, "percent_covered": 100.0, "percent_covered_display": "100", "missing_lines": 0, "excluded_lines": 0, "percent_statements_covered": 100.0, "percent_statements_covered_display": "100"}, "missing_lines": [], "excluded_lines": [], "start_line": 57}, "": {"executed_lines": [6, 7, 8, 11, 13, 14, 15, 16, 17, 18, 21, 23, 24, 25, 28, 29, 30, 31, 32, 33, 34, 37, 38, 39, 40, 41, 42, 43, 44, 47, 48, 49, 51, 54, 57], "summary": {"covered_lines": 35, "num_statements": 35, "percent_covered": 100.0, "percent_covered_display": "100", "missing_lines": 0, "excluded_lines": 0, "percent_statements_covered": 100.0, "percent_statements_covered_display": "100"}, "missing_lines": [], "excluded_lines": [], "start_line": 1}}, "classes": {"EdgeKind": {"executed_lines": [], "summary": {"covered_lines": 0, "num_statements": 0, "percent_covered": 100.0, "percent_covered_display": "100", "missing_lines": 0, "excluded_lines": 0, "percent_statements_covered": 100.0, "percent_statements_covered_display": "100"}, "missing_lines": [], "excluded_lines": [], "start_line": 11}, "EdgeOrigin": {"executed_lines": [], "summary": {"covered_lines": 0, "num_statements": 0, "percent_covered": 100.0, "percent_covered_display": "100", "missing_lines": 0, "excluded_lines": 0, "percent_statements_covered": 100.0, "percent_statements_covered_display": "100"}, "missing_lines": [], "excluded_lines": [], "start_line": 21}, "Edge": {"executed_lines": [], "summary": {"covered_lines": 0, "num_statements": 0, "percent_covered": 100.0, "percent_covered_display": "100", "missing_lines": 0, "excluded_lines": 0, "percent_statements_covered": 100.0, "percent_statements_covered_display": "100"}, "missing_lines": [], "excluded_lines": [], "start_line": 29}, "Entity": {"executed_lines": [], "summary": {"covered_lines": 0, "num_statements": 0, "percent_covered": 100.0, "percent_covered_display": "100", "missing_lines": 0, "excluded_lines": 0, "percent_statements_covered": 100.0, "percent_statements_covered_display": "100"}, "missing_lines": [], "excluded_lines": [], "start_line": 38}, "KnowledgeGraph": {"executed_lines": [52, 55, 58], "summary": {"covered_lines": 3, "num_statements": 3, "percent_covered": 100.0, "percent_covered_display": "100", "missing_lines": 0, "excluded_lines": 0, "percent_statements_covered": 100.0, "percent_statements_covered_display": "100"}, "missing_lines": [], "excluded_lines": [], "start_line": 48}, "": {"executed_lines": [6, 7, 8, 11, 13, 14, 15, 16, 17, 18, 21, 23, 24, 25, 28, 29, 30, 31, 32, 33, 34, 37, 38, 39, 40, 41, 42, 43, 44, 47, 48, 49, 51, 54, 57], "summary": {"covered_lines": 35, "num_statements": 35, "percent_covered": 100.0, "percent_covered_display": "100", "missing_lines": 0, "excluded_lines": 0, "percent_statements_covered": 100.0, "percent_statements_covered_display": "100"}, "missing_lines": [], "excluded_lines": [], "start_line": 1}}}, "codigo/parser.py": {"executed_lines": [13, 15, 16, 17, 19, 21, 22, 24, 28, 29, 30, 33, 34, 37, 39, 40, 41, 42, 43, 54, 55, 58, 62, 63, 64, 65, 66, 67, 68, 69, 70, 71, 73, 74, 76, 77, 78, 79, 82, 83, 86, 88, 89, 90, 91, 92, 94, 95, 98, 100, 101, 102, 103, 105, 106, 107, 108, 109, 112, 114, 115, 116, 117, 122], "summary": {"covered_lines": 64, "num_statements": 78, "percent_covered": 82.05128205128206, "percent_covered_display": "82", "missing_lines": 14, "excluded_lines": 0, "percent_statements_covered": 82.05128205128206, "percent_statements_covered_display": "82"}, "missing_lines": [44, 45, 46, 47, 48, 49, 50, 51, 75, 81, 118, 119, 120, 121], "excluded_lines": [], "functions": {"_load_frontmatter": {"executed_lines": [39, 40, 41, 42, 43], "summary": {"covered_lines": 5, "num_statements": 13, "percent_covered": 38.46153846153846, "percent_covered_display": "38", "missing_lines": 8, "excluded_lines": 0, "percent_statements_covered": 38.46153846153846, "percent_statements_covered_display": "38"}, "missing_lines": [44, 45, 46, 47, 48, 49, 50, 51], "excluded_lines": [], "start_line": 37}, "_is_id": {"executed_lines": [55], "summary": {"covered_lines": 1, "num_statements": 1, "percent_covered": 100.0, "percent_covered_display": "100", "missing_lines": 0, "excluded_lines": 0, "percent_statements_covered": 100.0, "percent_statements_covered_display": "100"}, "missing_lines": [], "excluded_lines": [], "start_line": 54}, "_edges_from_frontmatter": {"executed_lines": [63, 64, 65, 66, 67, 68, 69, 70, 71, 73, 74, 76, 77, 78, 79, 82, 83], "summary": {"covered_lines": 17, "num_statements": 19, "percent_covered": 89.47368421052632, "percent_covered_display": "89", "missing_lines": 2, "excluded_lines": 0, "percent_statements_covered": 89.47368421052632, "percent_statements_covered_display": "89"}, "missing_lines": [75, 81], "excluded_lines": [], "start_line": 62}, "_edges_from_body": {"executed_lines": [88, 89, 90, 91, 92, 94, 95], "summary": {"covered_lines": 7, "num_statements": 7, "percent_covered": 100.0, "percent_covered_display": "100", "missing_lines": 0, "excluded_lines": 0, "percent_statements_covered": 100.0, "percent_statements_covered_display": "100"}, "missing_lines": [], "excluded_lines": [], "start_line": 86}, "parse_file": {"executed_lines": [100, 101, 102, 103, 105, 106, 107, 108, 109], "summary": {"covered_lines": 9, "num_statements": 9, "percent_covered": 100.0, "percent_covered_display": "100", "missing_lines": 0, "excluded_lines": 0, "percent_statements_covered": 100.0, "percent_statements_covered_display": "100"}, "missing_lines": [], "excluded_lines": [], "start_line": 98}, "parse_directory": {"executed_lines": [114, 115, 116, 117, 122], "summary": {"covered_lines": 5, "num_statements": 9, "percent_covered": 55.55555555555556, "percent_covered_display": "56", "missing_lines": 4, "excluded_lines": 0, "percent_statements_covered": 55.55555555555556, "percent_statements_covered_display": "56"}, "missing_lines": [118, 119, 120, 121], "excluded_lines": [], "start_line": 112}, "": {"executed_lines": [13, 15, 16, 17, 19, 21, 22, 24, 28, 29, 30, 33, 34, 37, 54, 58, 62, 86, 98, 112], "summary": {"covered_lines": 20, "num_statements": 20, "percent_covered": 100.0, "percent_covered_display": "100", "missing_lines": 0, "excluded_lines": 0, "percent_statements_covered": 100.0, "percent_statements_covered_display": "100"}, "missing_lines": [], "excluded_lines": [], "start_line": 1}}, "classes": {"ParseError": {"executed_lines": [], "summary": {"covered_lines": 0, "num_statements": 0, "percent_covered": 100.0, "percent_covered_display": "100", "missing_lines": 0, "excluded_lines": 0, "percent_statements_covered": 100.0, "percent_statements_covered_display": "100"}, "missing_lines": [], "excluded_lines": [], "start_line": 33}, "": {"executed_lines": [13, 15, 16, 17, 19, 21, 22, 24, 28, 29, 30, 33, 34, 37, 39, 40, 41, 42, 43, 54, 55, 58, 62, 63, 64, 65, 66, 67, 68, 69, 70, 71, 73, 74, 76, 77, 78, 79, 82, 83, 86, 88, 89, 90, 91, 92, 94, 95, 98, 100, 101, 102, 103, 105, 106, 107, 108, 109, 112, 114, 115, 116, 117, 122], "summary": {"covered_lines": 64, "num_statements": 78, "percent_covered": 82.05128205128206, "percent_covered_display": "82", "missing_lines": 14, "excluded_lines": 0, "percent_statements_covered": 82.05128205128206, "percent_statements_covered_display": "82"}, "missing_lines": [44, 45, 46, 47, 48, 49, 50, 51, 75, 81, 118, 119, 120, 121], "excluded_lines": [], "start_line": 1}}}, "codigo/resolvedor.py": {"executed_lines": [12, 13, 15, 18, 19, 20, 21, 22, 23, 26, 28, 29, 30, 31, 32, 33, 35, 40], "summary": {"covered_lines": 18, "num_statements": 18, "percent_covered": 100.0, "percent_covered_display": "100", "missing_lines": 0, "excluded_lines": 0, "percent_statements_covered": 100.0, "percent_statements_covered_display": "100"}, "missing_lines": [], "excluded_lines": [], "functions": {"resolver": {"executed_lines": [28, 29, 30, 31, 32, 33, 35, 40], "summary": {"covered_lines": 8, "num_statements": 8, "percent_covered": 100.0, "percent_covered_display": "100", "missing_lines": 0, "excluded_lines": 0, "percent_statements_covered": 100.0, "percent_statements_covered_display": "100"}, "missing_lines": [], "excluded_lines": [], "start_line": 26}, "": {"executed_lines": [12, 13, 15, 18, 19, 20, 21, 22, 23, 26], "summary": {"covered_lines": 10, "num_statements": 10, "percent_covered": 100.0, "percent_covered_display": "100", "missing_lines": 0, "excluded_lines": 0, "percent_statements_covered": 100.0, "percent_statements_covered_display": "100"}, "missing_lines": [], "excluded_lines": [], "start_line": 1}}, "classes": {"ResolverError": {"executed_lines": [], "summary": {"covered_lines": 0, "num_statements": 0, "percent_covered": 100.0, "percent_covered_display": "100", "missing_lines": 0, "excluded_lines": 0, "percent_statements_covered": 100.0, "percent_statements_covered_display": "100"}, "missing_lines": [], "excluded_lines": [], "start_line": 19}, "": {"executed_lines": [12, 13, 15, 18, 19, 20, 21, 22, 23, 26, 28, 29, 30, 31, 32, 33, 35, 40], "summary": {"covered_lines": 18, "num_statements": 18, "percent_covered": 100.0, "percent_covered_display": "100", "missing_lines": 0, "excluded_lines": 0, "percent_statements_covered": 100.0, "percent_statements_covered_display": "100"}, "missing_lines": [], "excluded_lines": [], "start_line": 1}}}, "codigo/validador.py": {"executed_lines": [12, 13, 15, 17, 23, 24, 27, 28, 29, 30, 31, 32, 35, 36, 37, 38, 39, 41, 42, 43, 44, 45, 46, 47, 48, 49, 50, 51, 52, 53, 54, 55, 57, 58, 59, 60, 63, 64, 66, 67, 74, 75, 82, 83, 84, 85, 92], "summary": {"covered_lines": 47, "num_statements": 47, "percent_covered": 100.0, "percent_covered_display": "100", "missing_lines": 0, "excluded_lines": 0, "percent_statements_covered": 100.0, "percent_statements_covered_display": "100"}, "missing_lines": [], "excluded_lines": [], "functions": {"_detect_cycles": {"executed_lines": [36, 37, 38, 39, 41, 57, 58, 59, 60], "summary": {"covered_lines": 9, "num_statements": 9, "percent_covered": 100.0, "percent_covered_display": "100", "missing_lines": 0, "excluded_lines": 0, "percent_statements_covered": 100.0, "percent_statements_covered_display": "100"}, "missing_lines": [], "excluded_lines": [], "start_line": 35}, "_detect_cycles.dfs": {"executed_lines": [42, 43, 44, 45, 46, 47, 48, 49, 50, 51, 52, 53, 54, 55], "summary": {"covered_lines": 14, "num_statements": 14, "percent_covered": 100.0, "percent_covered_display": "100", "missing_lines": 0, "excluded_lines": 0, "percent_statements_covered": 100.0, "percent_statements_covered_display": "100"}, "missing_lines": [], "excluded_lines": [], "start_line": 41}, "validar": {"executed_lines": [64, 66, 67, 74, 75, 82, 83, 84, 85, 92], "summary": {"covered_lines": 10, "num_statements": 10, "percent_covered": 100.0, "percent_covered_display": "100", "missing_lines": 0, "excluded_lines": 0, "percent_statements_covered": 100.0, "percent_statements_covered_display": "100"}, "missing_lines": [], "excluded_lines": [], "start_line": 63}, "": {"executed_lines": [12, 13, 15, 17, 23, 24, 27, 28, 29, 30, 31, 32, 35, 63], "summary": {"covered_lines": 14, "num_statements": 14, "percent_covered": 100.0, "percent_covered_display": "100", "missing_lines": 0, "excluded_lines": 0, "percent_statements_covered": 100.0, "percent_statements_covered_display": "100"}, "missing_lines": [], "excluded_lines": [], "start_line": 1}}, "classes": {"ValidationIssue": {"executed_lines": [], "summary": {"covered_lines": 0, "num_statements": 0, "percent_covered": 100.0, "percent_covered_display": "100", "missing_lines": 0, "excluded_lines": 0, "percent_statements_covered": 100.0, "percent_statements_covered_display": "100"}, "missing_lines": [], "excluded_lines": [], "start_line": 28}, "": {"executed_lines": [12, 13, 15, 17, 23, 24, 27, 28, 29, 30, 31, 32, 35, 36, 37, 38, 39, 41, 42, 43, 44, 45, 46, 47, 48, 49, 50, 51, 52, 53, 54, 55, 57, 58, 59, 60, 63, 64, 66, 67, 74, 75, 82, 83, 84, 85, 92], "summary": {"covered_lines": 47, "num_statements": 47, "percent_covered": 100.0, "percent_covered_display": "100", "missing_lines": 0, "excluded_lines": 0, "percent_statements_covered": 100.0, "percent_statements_covered_display": "100"}, "missing_lines": [], "excluded_lines": [], "start_line": 1}}}}, "totals": {"covered_lines": 168, "num_statements": 371, "percent_covered": 45.283018867924525, "percent_covered_display": "45", "missing_lines": 203, "excluded_lines": 0, "percent_statements_covered": 45.283018867924525, "percent_statements_covered_display": "45"}}